  DeliveryPerson.cpp
G:\My Drive\Documents\Uni\BGU\Semester 2\OOP\Assiments\Assiment2\florist-simulator\hm2\hm2\Gardner.h(6,1): error C2504: 'Person': base class undefined
G:\My Drive\Documents\Uni\BGU\Semester 2\OOP\Assiments\Assiment2\florist-simulator\hm2\hm2\Grower.h(6,1): error C2504: 'Person': base class undefined
G:\My Drive\Documents\Uni\BGU\Semester 2\OOP\Assiments\Assiment2\florist-simulator\hm2\hm2\Wholesaler.h(5,1): error C2504: 'Person': base class undefined
G:\My Drive\Documents\Uni\BGU\Semester 2\OOP\Assiments\Assiment2\florist-simulator\hm2\hm2\Florist.h(6,1): error C2504: 'Person': base class undefined
G:\My Drive\Documents\Uni\BGU\Semester 2\OOP\Assiments\Assiment2\florist-simulator\hm2\hm2\Florist.h(15,19): error C2061: syntax error: identifier 'Person'
  Florist.cpp
G:\My Drive\Documents\Uni\BGU\Semester 2\OOP\Assiments\Assiment2\florist-simulator\hm2\hm2\Person.h(15,20): error C2061: syntax error: identifier 'Florist'
  FlowerArranger.cpp
G:\My Drive\Documents\Uni\BGU\Semester 2\OOP\Assiments\Assiment2\florist-simulator\hm2\hm2\Gardner.h(6,1): error C2504: 'Person': base class undefined
G:\My Drive\Documents\Uni\BGU\Semester 2\OOP\Assiments\Assiment2\florist-simulator\hm2\hm2\Grower.h(6,1): error C2504: 'Person': base class undefined
G:\My Drive\Documents\Uni\BGU\Semester 2\OOP\Assiments\Assiment2\florist-simulator\hm2\hm2\Wholesaler.h(5,1): error C2504: 'Person': base class undefined
G:\My Drive\Documents\Uni\BGU\Semester 2\OOP\Assiments\Assiment2\florist-simulator\hm2\hm2\Florist.h(6,1): error C2504: 'Person': base class undefined
G:\My Drive\Documents\Uni\BGU\Semester 2\OOP\Assiments\Assiment2\florist-simulator\hm2\hm2\Florist.h(15,19): error C2061: syntax error: identifier 'Person'
  Gardner.cpp
G:\My Drive\Documents\Uni\BGU\Semester 2\OOP\Assiments\Assiment2\florist-simulator\hm2\hm2\Grower.h(6,1): error C2504: 'Person': base class undefined
G:\My Drive\Documents\Uni\BGU\Semester 2\OOP\Assiments\Assiment2\florist-simulator\hm2\hm2\Grower.h(8,9): error C2143: syntax error: missing ';' before '*'
G:\My Drive\Documents\Uni\BGU\Semester 2\OOP\Assiments\Assiment2\florist-simulator\hm2\hm2\Grower.h(8,9): error C4430: missing type specifier - int assumed. Note: C++ does not support default-int
G:\My Drive\Documents\Uni\BGU\Semester 2\OOP\Assiments\Assiment2\florist-simulator\hm2\hm2\Grower.h(8,18): error C2238: unexpected token(s) preceding ';'
G:\My Drive\Documents\Uni\BGU\Semester 2\OOP\Assiments\Assiment2\florist-simulator\hm2\hm2\Grower.h(10,22): error C2061: syntax error: identifier 'Gardner'
G:\My Drive\Documents\Uni\BGU\Semester 2\OOP\Assiments\Assiment2\florist-simulator\hm2\hm2\Wholesaler.h(5,1): error C2504: 'Person': base class undefined
G:\My Drive\Documents\Uni\BGU\Semester 2\OOP\Assiments\Assiment2\florist-simulator\hm2\hm2\Florist.h(6,1): error C2504: 'Person': base class undefined
G:\My Drive\Documents\Uni\BGU\Semester 2\OOP\Assiments\Assiment2\florist-simulator\hm2\hm2\Florist.h(15,19): error C2061: syntax error: identifier 'Person'
  Grower.cpp
G:\My Drive\Documents\Uni\BGU\Semester 2\OOP\Assiments\Assiment2\florist-simulator\hm2\hm2\Wholesaler.h(5,1): error C2504: 'Person': base class undefined
G:\My Drive\Documents\Uni\BGU\Semester 2\OOP\Assiments\Assiment2\florist-simulator\hm2\hm2\Wholesaler.h(7,9): error C2143: syntax error: missing ';' before '*'
G:\My Drive\Documents\Uni\BGU\Semester 2\OOP\Assiments\Assiment2\florist-simulator\hm2\hm2\Wholesaler.h(7,9): error C4430: missing type specifier - int assumed. Note: C++ does not support default-int
G:\My Drive\Documents\Uni\BGU\Semester 2\OOP\Assiments\Assiment2\florist-simulator\hm2\hm2\Wholesaler.h(7,19): error C2238: unexpected token(s) preceding ';'
G:\My Drive\Documents\Uni\BGU\Semester 2\OOP\Assiments\Assiment2\florist-simulator\hm2\hm2\Wholesaler.h(10,32): error C2061: syntax error: identifier 'Grower'
G:\My Drive\Documents\Uni\BGU\Semester 2\OOP\Assiments\Assiment2\florist-simulator\hm2\hm2\Florist.h(6,1): error C2504: 'Person': base class undefined
G:\My Drive\Documents\Uni\BGU\Semester 2\OOP\Assiments\Assiment2\florist-simulator\hm2\hm2\Florist.h(15,19): error C2061: syntax error: identifier 'Person'
G:\My Drive\Documents\Uni\BGU\Semester 2\OOP\Assiments\Assiment2\florist-simulator\hm2\hm2\Grower.cpp(12,12): error C2440: 'return': cannot convert from 'FlowersBouquet *' to 'FlowersBouquet'
G:\My Drive\Documents\Uni\BGU\Semester 2\OOP\Assiments\Assiment2\florist-simulator\hm2\hm2\Grower.cpp(12,12): message : No constructor could take the source type, or constructor overload resolution was ambiguous
  main.cpp
G:\My Drive\Documents\Uni\BGU\Semester 2\OOP\Assiments\Assiment2\florist-simulator\hm2\hm2\Gardner.h(6,1): error C2504: 'Person': base class undefined
G:\My Drive\Documents\Uni\BGU\Semester 2\OOP\Assiments\Assiment2\florist-simulator\hm2\hm2\Grower.h(6,1): error C2504: 'Person': base class undefined
G:\My Drive\Documents\Uni\BGU\Semester 2\OOP\Assiments\Assiment2\florist-simulator\hm2\hm2\Wholesaler.h(5,1): error C2504: 'Person': base class undefined
G:\My Drive\Documents\Uni\BGU\Semester 2\OOP\Assiments\Assiment2\florist-simulator\hm2\hm2\Florist.h(6,1): error C2504: 'Person': base class undefined
G:\My Drive\Documents\Uni\BGU\Semester 2\OOP\Assiments\Assiment2\florist-simulator\hm2\hm2\Florist.h(15,19): error C2061: syntax error: identifier 'Person'
G:\My Drive\Documents\Uni\BGU\Semester 2\OOP\Assiments\Assiment2\florist-simulator\hm2\hm2\main.cpp(12,35): error C2664: 'Grower::Grower(const Grower &)': cannot convert argument 1 from 'const char [5]' to 'const Grower &'
G:\My Drive\Documents\Uni\BGU\Semester 2\OOP\Assiments\Assiment2\florist-simulator\hm2\hm2\main.cpp(12,35): message : Reason: cannot convert from 'const char [5]' to 'const Grower'
G:\My Drive\Documents\Uni\BGU\Semester 2\OOP\Assiments\Assiment2\florist-simulator\hm2\hm2\main.cpp(12,35): message : No constructor could take the source type, or constructor overload resolution was ambiguous
G:\My Drive\Documents\Uni\BGU\Semester 2\OOP\Assiments\Assiment2\florist-simulator\hm2\hm2\Grower.h(15,1): message : see declaration of 'Grower::Grower'
  Person.cpp
G:\My Drive\Documents\Uni\BGU\Semester 2\OOP\Assiments\Assiment2\florist-simulator\hm2\hm2\Gardner.h(6,1): error C2504: 'Person': base class undefined
G:\My Drive\Documents\Uni\BGU\Semester 2\OOP\Assiments\Assiment2\florist-simulator\hm2\hm2\Grower.h(6,1): error C2504: 'Person': base class undefined
G:\My Drive\Documents\Uni\BGU\Semester 2\OOP\Assiments\Assiment2\florist-simulator\hm2\hm2\Wholesaler.h(5,1): error C2504: 'Person': base class undefined
G:\My Drive\Documents\Uni\BGU\Semester 2\OOP\Assiments\Assiment2\florist-simulator\hm2\hm2\Florist.h(6,1): error C2504: 'Person': base class undefined
G:\My Drive\Documents\Uni\BGU\Semester 2\OOP\Assiments\Assiment2\florist-simulator\hm2\hm2\Florist.h(15,19): error C2061: syntax error: identifier 'Person'
G:\My Drive\Documents\Uni\BGU\Semester 2\OOP\Assiments\Assiment2\florist-simulator\hm2\hm2\Person.cpp(18,27): error C2660: 'Florist::acceptOrder': function does not take 2 arguments
G:\My Drive\Documents\Uni\BGU\Semester 2\OOP\Assiments\Assiment2\florist-simulator\hm2\hm2\Florist.h(15,7): message : see declaration of 'Florist::acceptOrder'
  Wholesaler.cpp
G:\My Drive\Documents\Uni\BGU\Semester 2\OOP\Assiments\Assiment2\florist-simulator\hm2\hm2\Florist.h(6,1): error C2504: 'Person': base class undefined
G:\My Drive\Documents\Uni\BGU\Semester 2\OOP\Assiments\Assiment2\florist-simulator\hm2\hm2\Florist.h(8,12): error C2143: syntax error: missing ';' before '*'
G:\My Drive\Documents\Uni\BGU\Semester 2\OOP\Assiments\Assiment2\florist-simulator\hm2\hm2\Florist.h(8,12): error C4430: missing type specifier - int assumed. Note: C++ does not support default-int
G:\My Drive\Documents\Uni\BGU\Semester 2\OOP\Assiments\Assiment2\florist-simulator\hm2\hm2\Florist.h(8,24): error C2238: unexpected token(s) preceding ';'
G:\My Drive\Documents\Uni\BGU\Semester 2\OOP\Assiments\Assiment2\florist-simulator\hm2\hm2\Florist.h(14,28): error C2061: syntax error: identifier 'Wholesaler'
G:\My Drive\Documents\Uni\BGU\Semester 2\OOP\Assiments\Assiment2\florist-simulator\hm2\hm2\Florist.h(15,19): error C2061: syntax error: identifier 'Person'
  Generating Code...
